<?xml version="1.0" encoding="UTF-8"?>
<coverage generated="1559536019832" clover="3.2.0">
  <project timestamp="1559536019832" name="All files">
    <metrics statements="17" coveredstatements="17" conditionals="0" coveredconditionals="0" methods="11" coveredmethods="11" elements="28" coveredelements="28" complexity="0" loc="17" ncloc="17" packages="1" files="4" classes="4"/>
    <file name="arrays.js" path="D:\Platzi\Curso_pruebas_jest\src\arrays.js">
      <metrics statements="4" coveredstatements="4" conditionals="0" coveredconditionals="0" methods="2" coveredmethods="2"/>
      <line num="1" count="1" type="stmt"/>
      <line num="2" count="1" type="stmt"/>
      <line num="4" count="3" type="stmt"/>
      <line num="5" count="1" type="stmt"/>
    </file>
    <file name="math.js" path="D:\Platzi\Curso_pruebas_jest\src\math.js">
      <metrics statements="8" coveredstatements="8" conditionals="0" coveredconditionals="0" methods="4" coveredmethods="4"/>
      <line num="1" count="1" type="stmt"/>
      <line num="2" count="1" type="stmt"/>
      <line num="5" count="1" type="stmt"/>
      <line num="6" count="1" type="stmt"/>
      <line num="9" count="1" type="stmt"/>
      <line num="10" count="1" type="stmt"/>
      <line num="13" count="1" type="stmt"/>
      <line num="14" count="1" type="stmt"/>
    </file>
    <file name="numbers.js" path="D:\Platzi\Curso_pruebas_jest\src\numbers.js">
      <metrics statements="1" coveredstatements="1" conditionals="0" coveredconditionals="0" methods="1" coveredmethods="1"/>
      <line num="1" count="5" type="stmt"/>
    </file>
    <file name="true.js" path="D:\Platzi\Curso_pruebas_jest\src\true.js">
      <metrics statements="4" coveredstatements="4" conditionals="0" coveredconditionals="0" methods="4" coveredmethods="4"/>
      <line num="1" count="1" type="stmt"/>
      <line num="3" count="1" type="stmt"/>
      <line num="5" count="2" type="stmt"/>
      <line num="7" count="1" type="stmt"/>
    </file>
  </project>
</coverage>
